2025-01-09 19:32:29,833 [INFO] Запуск скрипта
2025-01-09 19:32:33,262 [INFO] Открыта страница: https://cabinet.customs.gov.ua/ipr/reg/overview
2025-01-09 19:32:33,262 [INFO] Ожидание загрузки страницы...
2025-01-09 19:32:33,273 [INFO] Страница загружена.
2025-01-09 19:32:33,273 [INFO] Пауза перед вводом данных...
2025-01-09 19:32:35,275 [INFO] Вычисленные даты: c 01.10.2024 по 09.01.2025
2025-01-09 19:32:35,275 [INFO] Ввод даты 'Зареєстрований з'...
2025-01-09 19:32:35,367 [INFO] Ввод даты 'Зареєстрований по'...
2025-01-09 19:32:35,444 [INFO] Пауза перед нажатием кнопки поиска...
2025-01-09 19:32:37,445 [INFO] Нажатие кнопки 'Знайти'...
2025-01-09 19:32:37,499 [INFO] Ожидание загрузки таблицы или сообщения...
2025-01-09 19:33:00,825 [INFO] Начало извлечения данных из таблицы...
2025-01-09 19:33:00,844 [INFO] Найдено строк в таблице: 10
2025-01-09 19:33:00,864 [INFO] Обработка объекта № 1056
2025-01-09 19:33:01,428 [INFO] Детали объекта № 1056 извлечены.
2025-01-09 19:33:01,493 [INFO] Блок с деталями объекта № 1056 закрыт.
2025-01-09 19:33:02,511 [INFO] Обработка объекта № 1057
2025-01-09 19:33:03,069 [INFO] Детали объекта № 1057 извлечены.
2025-01-09 19:33:03,130 [INFO] Блок с деталями объекта № 1057 закрыт.
2025-01-09 19:33:04,146 [INFO] Обработка объекта № 1058
2025-01-09 19:33:04,701 [INFO] Детали объекта № 1058 извлечены.
2025-01-09 19:33:04,764 [INFO] Блок с деталями объекта № 1058 закрыт.
2025-01-09 19:33:05,798 [INFO] Обработка объекта № 1059
2025-01-09 19:33:06,396 [INFO] Детали объекта № 1059 извлечены.
2025-01-09 19:33:06,474 [INFO] Блок с деталями объекта № 1059 закрыт.
2025-01-09 19:33:07,488 [INFO] Обработка объекта № 1060
2025-01-09 19:33:08,040 [INFO] Детали объекта № 1060 извлечены.
2025-01-09 19:33:08,117 [INFO] Блок с деталями объекта № 1060 закрыт.
2025-01-09 19:33:09,132 [INFO] Обработка объекта № 1061
2025-01-09 19:33:09,685 [INFO] Детали объекта № 1061 извлечены.
2025-01-09 19:33:09,741 [INFO] Блок с деталями объекта № 1061 закрыт.
2025-01-09 19:33:10,756 [INFO] Обработка объекта № 1062
2025-01-09 19:33:11,308 [INFO] Детали объекта № 1062 извлечены.
2025-01-09 19:33:11,364 [INFO] Блок с деталями объекта № 1062 закрыт.
2025-01-09 19:33:12,384 [INFO] Обработка объекта № 1063
2025-01-09 19:33:12,935 [INFO] Детали объекта № 1063 извлечены.
2025-01-09 19:33:12,992 [INFO] Блок с деталями объекта № 1063 закрыт.
2025-01-09 19:33:14,005 [INFO] Обработка объекта № 1064
2025-01-09 19:33:14,557 [INFO] Детали объекта № 1064 извлечены.
2025-01-09 19:33:14,610 [INFO] Блок с деталями объекта № 1064 закрыт.
2025-01-09 19:33:15,625 [INFO] Обработка объекта № 1065
2025-01-09 19:33:16,178 [INFO] Детали объекта № 1065 извлечены.
2025-01-09 19:33:16,231 [INFO] Блок с деталями объекта № 1065 закрыт.
2025-01-09 19:33:17,231 [INFO] Закрытие браузера.
2025-01-09 19:33:19,334 [INFO] Скрипт завершён.
2025-01-09 19:33:19,334 [INFO] Собранные данные:
